09:15:05.667 [TestNG-tests-2] INFO  testCases.TC001_AccountRegistrationTest - Launching Edge Browser
09:15:07.660 [TestNG-tests-1] INFO  testCases.TC001_AccountRegistrationTest - Launching the browser
09:15:07.712 [TestNG-tests-2] INFO  testCases.TC001_AccountRegistrationTest - Launching the browser
09:15:07.802 [TestNG-tests-1] INFO  testCases.TC001_AccountRegistrationTest - ***********Starting  TC001_AccountRegistrationTest  ********
09:15:07.838 [TestNG-tests-2] INFO  testCases.TC001_AccountRegistrationTest - ***********Starting  TC001_AccountRegistrationTest  ********
09:15:07.902 [TestNG-tests-2] INFO  testCases.TC001_AccountRegistrationTest - Clicked on my Account link
09:15:08.156 [TestNG-tests-1] INFO  testCases.TC001_AccountRegistrationTest - Clicked on my Account link
09:15:08.242 [TestNG-tests-2] INFO  testCases.TC001_AccountRegistrationTest - Clicked on Registration link
09:15:08.244 [TestNG-tests-2] INFO  testCases.TC001_AccountRegistrationTest - Providing Customer Details
09:15:08.519 [TestNG-tests-1] INFO  testCases.TC001_AccountRegistrationTest - Clicked on Registration link
09:15:08.520 [TestNG-tests-1] INFO  testCases.TC001_AccountRegistrationTest - Providing Customer Details
09:15:11.138 [TestNG-tests-2] INFO  testCases.TC001_AccountRegistrationTest - Clicked on continue button
09:15:11.172 [TestNG-tests-2] INFO  testCases.TC001_AccountRegistrationTest - Test Passed
09:15:11.174 [TestNG-tests-2] INFO  testCases.TC001_AccountRegistrationTest - ***********Finished  TC001_AccountRegistrationTest  ********
09:15:11.178 [TestNG-tests-2] INFO  testCases.TC001_AccountRegistrationTest - Closing the Application
09:15:11.247 [TestNG-tests-1] INFO  testCases.TC001_AccountRegistrationTest - Clicked on continue button
09:15:11.285 [TestNG-tests-1] INFO  testCases.TC001_AccountRegistrationTest - Test Passed
09:15:11.285 [TestNG-tests-1] INFO  testCases.TC001_AccountRegistrationTest - ***********Finished  TC001_AccountRegistrationTest  ********
09:15:11.287 [TestNG-tests-1] INFO  testCases.TC001_AccountRegistrationTest - Closing the Application
09:36:34.219 [main] INFO  testCases.TC001_AccountRegistrationTest - Launching Chrome Browser
09:36:36.204 [main] INFO  testCases.TC001_AccountRegistrationTest - Launching the browser
09:36:36.334 [main] INFO  testCases.TC001_AccountRegistrationTest - ***********Starting  TC001_AccountRegistrationTest  ********
09:36:36.545 [main] INFO  testCases.TC001_AccountRegistrationTest - Clicked on my Account link
09:36:36.814 [main] INFO  testCases.TC001_AccountRegistrationTest - Clicked on Registration link
09:36:36.815 [main] INFO  testCases.TC001_AccountRegistrationTest - Providing Customer Details
09:36:39.481 [main] INFO  testCases.TC001_AccountRegistrationTest - Clicked on continue button
09:36:39.514 [main] INFO  testCases.TC001_AccountRegistrationTest - Test Passed
09:36:39.516 [main] INFO  testCases.TC001_AccountRegistrationTest - ***********Finished  TC001_AccountRegistrationTest  ********
09:36:39.519 [main] INFO  testCases.TC001_AccountRegistrationTest - Closing the Application
12:31:00.267 [main] INFO  testCases.TC001_AccountRegistrationTest - Launching Chrome Browser
12:36:45.203 [main] INFO  testCases.TC001_AccountRegistrationTest - Launching Chrome Browser
12:36:49.961 [main] INFO  testCases.TC001_AccountRegistrationTest - Launching the browser
12:36:50.084 [main] INFO  testCases.TC001_AccountRegistrationTest - ***********Starting  TC001_AccountRegistrationTest  ********
12:36:50.359 [main] INFO  testCases.TC001_AccountRegistrationTest - Clicked on my Account link
12:36:50.859 [main] INFO  testCases.TC001_AccountRegistrationTest - Clicked on Registration link
12:36:50.861 [main] INFO  testCases.TC001_AccountRegistrationTest - Providing Customer Details
12:36:53.770 [main] INFO  testCases.TC001_AccountRegistrationTest - Clicked on continue button
12:36:53.811 [main] INFO  testCases.TC001_AccountRegistrationTest - Test Passed
12:36:53.814 [main] INFO  testCases.TC001_AccountRegistrationTest - ***********Finished  TC001_AccountRegistrationTest  ********
12:36:53.830 [main] INFO  testCases.TC001_AccountRegistrationTest - Closing the Application
12:39:32.445 [main] INFO  testCases.TC001_AccountRegistrationTest - Launching Chrome Browser
12:39:34.319 [main] INFO  testCases.TC001_AccountRegistrationTest - Launching the browser
12:39:34.447 [main] INFO  testCases.TC001_AccountRegistrationTest - ***********Starting  TC001_AccountRegistrationTest  ********
12:39:34.703 [main] INFO  testCases.TC001_AccountRegistrationTest - Clicked on my Account link
12:39:34.918 [main] INFO  testCases.TC001_AccountRegistrationTest - Clicked on Registration link
12:39:34.919 [main] INFO  testCases.TC001_AccountRegistrationTest - Providing Customer Details
12:39:35.401 [main] INFO  testCases.TC001_AccountRegistrationTest - Clicked on continue button
12:39:43.912 [main] ERROR testCases.TC001_AccountRegistrationTest - test failed
12:39:43.969 [main] INFO  testCases.TC001_AccountRegistrationTest - Closing the Application
12:43:46.512 [main] INFO  testCases.TC001_AccountRegistrationTest - Launching Chrome Browser
12:43:48.329 [main] INFO  testCases.TC001_AccountRegistrationTest - Launching the browser
12:43:48.465 [main] INFO  testCases.TC001_AccountRegistrationTest - ***********Starting  TC001_AccountRegistrationTest  ********
12:43:48.726 [main] INFO  testCases.TC001_AccountRegistrationTest - Clicked on my Account link
12:43:48.958 [main] INFO  testCases.TC001_AccountRegistrationTest - Clicked on Registration link
12:43:48.960 [main] INFO  testCases.TC001_AccountRegistrationTest - Providing Customer Details
12:43:49.466 [main] INFO  testCases.TC001_AccountRegistrationTest - Clicked on continue button
12:43:59.504 [main] ERROR testCases.TC001_AccountRegistrationTest - test failed
12:43:59.771 [main] INFO  testCases.TC001_AccountRegistrationTest - Closing the Application
12:47:11.765 [main] INFO  testCases.TC001_AccountRegistrationTest - Launching Chrome Browser
12:47:13.806 [main] INFO  testCases.TC001_AccountRegistrationTest - Launching the browser
12:47:13.952 [main] INFO  testCases.TC001_AccountRegistrationTest - ***********Starting  TC001_AccountRegistrationTest  ********
12:47:14.168 [main] INFO  testCases.TC001_AccountRegistrationTest - Clicked on my Account link
12:47:14.426 [main] INFO  testCases.TC001_AccountRegistrationTest - Clicked on Registration link
12:47:14.427 [main] INFO  testCases.TC001_AccountRegistrationTest - Providing Customer Details
12:47:17.028 [main] INFO  testCases.TC001_AccountRegistrationTest - Clicked on continue button
12:47:17.058 [main] INFO  testCases.TC001_AccountRegistrationTest - Test Passed
12:47:17.058 [main] INFO  testCases.TC001_AccountRegistrationTest - ***********Finished  TC001_AccountRegistrationTest  ********
12:47:17.066 [main] INFO  testCases.TC001_AccountRegistrationTest - Closing the Application
23:53:41.333 [main] INFO  testCases.TC001_AccountRegistrationTest - Launching Chrome Browser
23:53:43.904 [main] INFO  testCases.TC001_AccountRegistrationTest - Launching the browser
23:53:44.038 [main] INFO  testCases.TC001_AccountRegistrationTest - ***********Starting  TC001_AccountRegistrationTest  ********
23:53:44.308 [main] INFO  testCases.TC001_AccountRegistrationTest - Clicked on my Account link
23:53:44.754 [main] INFO  testCases.TC001_AccountRegistrationTest - Clicked on Registration link
23:53:44.755 [main] INFO  testCases.TC001_AccountRegistrationTest - Providing Customer Details
23:53:47.774 [main] INFO  testCases.TC001_AccountRegistrationTest - Clicked on continue button
23:53:47.811 [main] INFO  testCases.TC001_AccountRegistrationTest - Test Passed
23:53:47.812 [main] INFO  testCases.TC001_AccountRegistrationTest - ***********Finished  TC001_AccountRegistrationTest  ********
23:53:47.820 [main] INFO  testCases.TC001_AccountRegistrationTest - Closing the Application
23:53:47.955 [main] INFO  testCases.TC002_LoginTest - Launching Chrome Browser
23:53:49.421 [main] INFO  testCases.TC002_LoginTest - Launching the browser
23:53:49.542 [main] INFO  testCases.TC002_LoginTest - Starting TC002_LoginTest....
23:53:50.458 [main] INFO  testCases.TC002_LoginTest - Finished TC002_LoginTest
23:53:50.459 [main] INFO  testCases.TC002_LoginTest - Closing the Application
19:19:05.202 [main] INFO  testCases.TC003_LoginDataDrivenTest - Launching Chrome Browser
19:19:08.456 [main] INFO  testCases.TC003_LoginDataDrivenTest - Launching the browser
19:19:08.954 [main] INFO  testCases.TC003_LoginDataDrivenTest - Closing the Application
19:31:30.816 [main] INFO  testCases.TC003_LoginDataDrivenTest - Launching Chrome Browser
19:31:32.768 [main] INFO  testCases.TC003_LoginDataDrivenTest - Launching the browser
19:31:33.327 [main] INFO  testCases.TC003_LoginDataDrivenTest - Closing the Application
19:40:34.284 [main] INFO  testCases.TC003_LoginDataDrivenTest - Launching Chrome Browser
19:40:36.455 [main] INFO  testCases.TC003_LoginDataDrivenTest - Launching the browser
19:40:37.144 [main] INFO  testCases.TC003_LoginDataDrivenTest - Closing the Application
19:42:46.473 [main] INFO  testCases.TC003_LoginDataDrivenTest - Launching Chrome Browser
19:42:48.455 [main] INFO  testCases.TC003_LoginDataDrivenTest - Launching the browser
19:42:49.171 [main] INFO  testCases.TC003_LoginDataDrivenTest - Closing the Application
06:29:46.711 [main] INFO  testCases.TC003_LoginDataDrivenTest - Launching Chrome Browser
06:29:51.896 [main] INFO  testCases.TC003_LoginDataDrivenTest - Launching the browser
06:29:52.546 [main] INFO  testCases.TC003_LoginDataDrivenTest - Closing the Application
22:19:24.375 [main] INFO  testCases.TC003_LoginDataDrivenTest - Launching Chrome Browser
22:20:25.066 [main] INFO  testCases.TC003_LoginDataDrivenTest - Launching Chrome Browser
22:20:29.740 [main] INFO  testCases.TC003_LoginDataDrivenTest - Launching the browser
22:20:30.299 [main] INFO  testCases.TC003_LoginDataDrivenTest - Closing the Application
22:25:03.095 [main] INFO  testCases.TC003_LoginDataDrivenTest - Launching Chrome Browser
22:25:04.945 [main] INFO  testCases.TC003_LoginDataDrivenTest - Launching the browser
22:25:05.536 [main] INFO  testCases.TC003_LoginDataDrivenTest - Closing the Application
22:28:08.594 [main] INFO  testCases.TC003_LoginDataDrivenTest - Launching Chrome Browser
22:28:10.413 [main] INFO  testCases.TC003_LoginDataDrivenTest - Launching the browser
22:28:11.415 [main] INFO  testCases.TC003_LoginDataDrivenTest - Closing the Application
22:35:18.430 [main] INFO  testCases.TC003_LoginDataDrivenTest - Launching Chrome Browser
22:35:20.358 [main] INFO  testCases.TC003_LoginDataDrivenTest - Launching the browser
22:35:21.079 [main] INFO  testCases.TC003_LoginDataDrivenTest - Starting TC003_DataDriverTest
22:35:32.008 [main] INFO  testCases.TC003_LoginDataDrivenTest - Starting TC003_DataDriverTest
22:35:42.485 [main] INFO  testCases.TC003_LoginDataDrivenTest - Finishing TC003_LoginDataDriven
22:35:42.489 [main] INFO  testCases.TC003_LoginDataDrivenTest - Starting TC003_DataDriverTest
22:35:52.888 [main] INFO  testCases.TC003_LoginDataDrivenTest - Finishing TC003_LoginDataDriven
22:35:52.888 [main] INFO  testCases.TC003_LoginDataDrivenTest - Starting TC003_DataDriverTest
22:36:03.356 [main] INFO  testCases.TC003_LoginDataDrivenTest - Finishing TC003_LoginDataDriven
22:36:03.356 [main] INFO  testCases.TC003_LoginDataDrivenTest - Starting TC003_DataDriverTest
22:36:04.207 [main] INFO  testCases.TC003_LoginDataDrivenTest - Finishing TC003_LoginDataDriven
22:36:04.209 [main] INFO  testCases.TC003_LoginDataDrivenTest - Closing the Application
22:45:19.068 [main] INFO  testCases.TC003_LoginDataDrivenTest - Launching Chrome Browser
22:45:22.441 [main] INFO  testCases.TC003_LoginDataDrivenTest - Launching the browser
22:45:23.168 [main] INFO  testCases.TC003_LoginDataDrivenTest - Starting TC003_DataDriverTest
22:45:33.878 [main] INFO  testCases.TC003_LoginDataDrivenTest - Starting TC003_DataDriverTest
22:45:44.325 [main] INFO  testCases.TC003_LoginDataDrivenTest - Finishing TC003_LoginDataDriven
22:45:44.325 [main] INFO  testCases.TC003_LoginDataDrivenTest - Starting TC003_DataDriverTest
22:45:54.776 [main] INFO  testCases.TC003_LoginDataDrivenTest - Finishing TC003_LoginDataDriven
22:45:54.776 [main] INFO  testCases.TC003_LoginDataDrivenTest - Starting TC003_DataDriverTest
22:46:05.210 [main] INFO  testCases.TC003_LoginDataDrivenTest - Finishing TC003_LoginDataDriven
22:46:05.210 [main] INFO  testCases.TC003_LoginDataDrivenTest - Starting TC003_DataDriverTest
22:46:05.836 [main] INFO  testCases.TC003_LoginDataDrivenTest - Finishing TC003_LoginDataDriven
22:46:05.838 [main] INFO  testCases.TC003_LoginDataDrivenTest - Closing the Application
22:47:29.002 [main] INFO  testCases.TC003_LoginDataDrivenTest - Launching Chrome Browser
22:47:30.697 [main] INFO  testCases.TC003_LoginDataDrivenTest - Launching the browser
22:47:31.477 [main] INFO  testCases.TC003_LoginDataDrivenTest - Starting TC003_DataDriverTest
22:47:42.137 [main] INFO  testCases.TC003_LoginDataDrivenTest - Starting TC003_DataDriverTest
22:47:52.575 [main] INFO  testCases.TC003_LoginDataDrivenTest - Finishing TC003_LoginDataDriven
22:47:52.575 [main] INFO  testCases.TC003_LoginDataDrivenTest - Starting TC003_DataDriverTest
22:48:03.047 [main] INFO  testCases.TC003_LoginDataDrivenTest - Finishing TC003_LoginDataDriven
22:48:03.047 [main] INFO  testCases.TC003_LoginDataDrivenTest - Starting TC003_DataDriverTest
22:48:13.459 [main] INFO  testCases.TC003_LoginDataDrivenTest - Finishing TC003_LoginDataDriven
22:48:13.459 [main] INFO  testCases.TC003_LoginDataDrivenTest - Starting TC003_DataDriverTest
22:48:14.152 [main] INFO  testCases.TC003_LoginDataDrivenTest - Finishing TC003_LoginDataDriven
22:48:14.154 [main] INFO  testCases.TC003_LoginDataDrivenTest - Closing the Application
22:59:39.767 [main] INFO  testCases.TC003_LoginDataDrivenTest - Launching Chrome Browser
22:59:42.456 [main] INFO  testCases.TC003_LoginDataDrivenTest - Launching the browser
22:59:43.284 [main] INFO  testCases.TC003_LoginDataDrivenTest - Starting TC003_DataDriverTest
22:59:53.213 [main] INFO  testCases.TC003_LoginDataDrivenTest - Closing the Application
08:02:20.761 [main] INFO  testCases.TC003_LoginDataDrivenTest - Launching Chrome Browser
08:02:33.917 [main] INFO  testCases.TC003_LoginDataDrivenTest - Launching the browser
08:02:34.989 [main] INFO  testCases.TC003_LoginDataDrivenTest - Starting TC003_DataDriverTest
08:02:46.075 [main] INFO  testCases.TC003_LoginDataDrivenTest - Starting TC003_DataDriverTest
08:02:56.844 [main] INFO  testCases.TC003_LoginDataDrivenTest - Finishing TC003_LoginDataDriven
08:02:56.844 [main] INFO  testCases.TC003_LoginDataDrivenTest - Starting TC003_DataDriverTest
08:03:07.548 [main] INFO  testCases.TC003_LoginDataDrivenTest - Finishing TC003_LoginDataDriven
08:03:07.557 [main] INFO  testCases.TC003_LoginDataDrivenTest - Starting TC003_DataDriverTest
08:03:18.212 [main] INFO  testCases.TC003_LoginDataDrivenTest - Finishing TC003_LoginDataDriven
08:03:18.212 [main] INFO  testCases.TC003_LoginDataDrivenTest - Starting TC003_DataDriverTest
08:03:19.453 [main] INFO  testCases.TC003_LoginDataDrivenTest - Finishing TC003_LoginDataDriven
08:03:19.453 [main] INFO  testCases.TC003_LoginDataDrivenTest - Closing the Application
16:14:20.273 [main] INFO  testCases.TC003_LoginDataDrivenTest - Launching Chrome Browser
16:14:22.482 [main] INFO  testCases.TC003_LoginDataDrivenTest - Launching the browser
16:14:23.355 [main] INFO  testCases.TC003_LoginDataDrivenTest - Starting TC003_DataDriverTest
16:14:34.113 [main] INFO  testCases.TC003_LoginDataDrivenTest - Starting TC003_DataDriverTest
16:14:44.611 [main] INFO  testCases.TC003_LoginDataDrivenTest - Finishing TC003_LoginDataDriven
16:14:44.611 [main] INFO  testCases.TC003_LoginDataDrivenTest - Starting TC003_DataDriverTest
16:14:55.283 [main] INFO  testCases.TC003_LoginDataDrivenTest - Finishing TC003_LoginDataDriven
16:14:55.283 [main] INFO  testCases.TC003_LoginDataDrivenTest - Starting TC003_DataDriverTest
16:15:05.818 [main] INFO  testCases.TC003_LoginDataDrivenTest - Finishing TC003_LoginDataDriven
16:15:05.818 [main] INFO  testCases.TC003_LoginDataDrivenTest - Starting TC003_DataDriverTest
16:15:06.719 [main] INFO  testCases.TC003_LoginDataDrivenTest - Finishing TC003_LoginDataDriven
16:15:06.721 [main] INFO  testCases.TC003_LoginDataDrivenTest - Closing the Application
16:18:51.966 [main] INFO  testCases.TC003_LoginDataDrivenTest - Launching Chrome Browser
16:18:53.696 [main] INFO  testCases.TC003_LoginDataDrivenTest - Launching the browser
16:18:54.484 [main] INFO  testCases.TC003_LoginDataDrivenTest - Starting TC003_DataDriverTest
16:19:05.231 [main] INFO  testCases.TC003_LoginDataDrivenTest - Starting TC003_DataDriverTest
16:19:15.714 [main] INFO  testCases.TC003_LoginDataDrivenTest - Finishing TC003_LoginDataDriven
16:19:15.720 [main] INFO  testCases.TC003_LoginDataDrivenTest - Starting TC003_DataDriverTest
16:19:26.277 [main] INFO  testCases.TC003_LoginDataDrivenTest - Finishing TC003_LoginDataDriven
16:19:26.280 [main] INFO  testCases.TC003_LoginDataDrivenTest - Starting TC003_DataDriverTest
16:19:36.830 [main] INFO  testCases.TC003_LoginDataDrivenTest - Finishing TC003_LoginDataDriven
16:19:36.835 [main] INFO  testCases.TC003_LoginDataDrivenTest - Starting TC003_DataDriverTest
16:19:37.633 [main] INFO  testCases.TC003_LoginDataDrivenTest - Finishing TC003_LoginDataDriven
16:19:37.636 [main] INFO  testCases.TC003_LoginDataDrivenTest - Closing the Application
19:48:53.781 [main] INFO  testCases.TC003_LoginDataDrivenTest - Launching Chrome Browser
19:48:56.621 [main] INFO  testCases.TC003_LoginDataDrivenTest - Launching the browser
19:48:57.603 [main] INFO  testCases.TC003_LoginDataDrivenTest - Starting TC003_DataDriverTest
19:49:08.534 [main] INFO  testCases.TC003_LoginDataDrivenTest - Starting TC003_DataDriverTest
19:49:19.199 [main] INFO  testCases.TC003_LoginDataDrivenTest - Finishing TC003_LoginDataDriven
19:49:19.199 [main] INFO  testCases.TC003_LoginDataDrivenTest - Starting TC003_DataDriverTest
19:49:29.842 [main] INFO  testCases.TC003_LoginDataDrivenTest - Finishing TC003_LoginDataDriven
19:49:29.848 [main] INFO  testCases.TC003_LoginDataDrivenTest - Starting TC003_DataDriverTest
19:49:40.481 [main] INFO  testCases.TC003_LoginDataDrivenTest - Finishing TC003_LoginDataDriven
19:49:40.488 [main] INFO  testCases.TC003_LoginDataDrivenTest - Starting TC003_DataDriverTest
19:49:41.366 [main] INFO  testCases.TC003_LoginDataDrivenTest - Finishing TC003_LoginDataDriven
19:49:41.372 [main] INFO  testCases.TC003_LoginDataDrivenTest - Closing the Application
19:59:12.684 [main] INFO  testCases.TC003_LoginDataDrivenTest - Launching Chrome Browser
19:59:14.729 [main] INFO  testCases.TC003_LoginDataDrivenTest - Launching the browser
19:59:15.604 [main] INFO  testCases.TC003_LoginDataDrivenTest - Starting TC003_DataDriverTest
19:59:16.498 [main] INFO  testCases.TC003_LoginDataDrivenTest - Finishing TC003_LoginDataDriven
19:59:16.510 [main] INFO  testCases.TC003_LoginDataDrivenTest - Starting TC003_DataDriverTest
19:59:27.075 [main] INFO  testCases.TC003_LoginDataDrivenTest - Finishing TC003_LoginDataDriven
19:59:27.081 [main] INFO  testCases.TC003_LoginDataDrivenTest - Starting TC003_DataDriverTest
19:59:37.730 [main] INFO  testCases.TC003_LoginDataDrivenTest - Finishing TC003_LoginDataDriven
19:59:37.735 [main] INFO  testCases.TC003_LoginDataDrivenTest - Starting TC003_DataDriverTest
19:59:48.418 [main] INFO  testCases.TC003_LoginDataDrivenTest - Finishing TC003_LoginDataDriven
19:59:48.423 [main] INFO  testCases.TC003_LoginDataDrivenTest - Starting TC003_DataDriverTest
19:59:49.370 [main] INFO  testCases.TC003_LoginDataDrivenTest - Finishing TC003_LoginDataDriven
19:59:49.374 [main] INFO  testCases.TC003_LoginDataDrivenTest - Starting TC003_DataDriverTest
20:00:00.225 [main] INFO  testCases.TC003_LoginDataDrivenTest - Closing the Application
22:44:24.760 [main] INFO  testCases.TC003_LoginDataDrivenTest - Launching Chrome Browser
22:44:27.518 [main] INFO  testCases.TC003_LoginDataDrivenTest - Launching the browser
22:44:28.546 [main] INFO  testCases.TC003_LoginDataDrivenTest - Starting TC003_DataDriverTest
22:44:29.432 [main] INFO  testCases.TC003_LoginDataDrivenTest - Finishing TC003_LoginDataDriven
22:44:29.443 [main] INFO  testCases.TC003_LoginDataDrivenTest - Starting TC003_DataDriverTest
22:44:39.939 [main] INFO  testCases.TC003_LoginDataDrivenTest - Finishing TC003_LoginDataDriven
22:44:39.944 [main] INFO  testCases.TC003_LoginDataDrivenTest - Starting TC003_DataDriverTest
22:44:50.536 [main] INFO  testCases.TC003_LoginDataDrivenTest - Finishing TC003_LoginDataDriven
22:44:50.539 [main] INFO  testCases.TC003_LoginDataDrivenTest - Starting TC003_DataDriverTest
22:45:01.151 [main] INFO  testCases.TC003_LoginDataDrivenTest - Finishing TC003_LoginDataDriven
22:45:01.155 [main] INFO  testCases.TC003_LoginDataDrivenTest - Starting TC003_DataDriverTest
22:45:01.976 [main] INFO  testCases.TC003_LoginDataDrivenTest - Finishing TC003_LoginDataDriven
22:45:01.980 [main] INFO  testCases.TC003_LoginDataDrivenTest - Starting TC003_DataDriverTest
22:45:02.933 [main] INFO  testCases.TC003_LoginDataDrivenTest - Finishing TC003_LoginDataDriven
22:45:02.938 [main] INFO  testCases.TC003_LoginDataDrivenTest - Closing the Application
22:49:12.872 [main] INFO  testCases.TC001_AccountRegistrationTest - Launching Chrome Browser
22:49:14.815 [main] INFO  testCases.TC001_AccountRegistrationTest - Launching the browser
22:49:14.949 [main] INFO  testCases.TC001_AccountRegistrationTest - ***********Starting  TC001_AccountRegistrationTest  ********
22:49:15.204 [main] INFO  testCases.TC001_AccountRegistrationTest - Clicked on my Account link
22:49:15.624 [main] INFO  testCases.TC001_AccountRegistrationTest - Clicked on Registration link
22:49:15.626 [main] INFO  testCases.TC001_AccountRegistrationTest - Providing Customer Details
22:49:18.368 [main] INFO  testCases.TC001_AccountRegistrationTest - Clicked on continue button
22:49:18.402 [main] INFO  testCases.TC001_AccountRegistrationTest - Test Passed
22:49:18.403 [main] INFO  testCases.TC001_AccountRegistrationTest - ***********Finished  TC001_AccountRegistrationTest  ********
22:49:18.413 [main] INFO  testCases.TC001_AccountRegistrationTest - Closing the Application
22:49:18.579 [main] INFO  testCases.TC002_LoginTest - Launching Chrome Browser
22:49:19.901 [main] INFO  testCases.TC002_LoginTest - Launching the browser
22:49:20.018 [main] INFO  testCases.TC002_LoginTest - Starting TC002_LoginTest....
22:49:20.816 [main] INFO  testCases.TC002_LoginTest - Finished TC002_LoginTest
22:49:20.817 [main] INFO  testCases.TC002_LoginTest - Closing the Application
22:49:20.959 [main] INFO  testCases.TC003_LoginDataDrivenTest - Launching Chrome Browser
22:49:22.214 [main] INFO  testCases.TC003_LoginDataDrivenTest - Launching the browser
22:49:23.086 [main] INFO  testCases.TC003_LoginDataDrivenTest - Starting TC003_DataDriverTest
22:49:23.883 [main] INFO  testCases.TC003_LoginDataDrivenTest - Finishing TC003_LoginDataDriven
22:49:23.885 [main] INFO  testCases.TC003_LoginDataDrivenTest - Starting TC003_DataDriverTest
22:49:34.379 [main] INFO  testCases.TC003_LoginDataDrivenTest - Finishing TC003_LoginDataDriven
22:49:34.381 [main] INFO  testCases.TC003_LoginDataDrivenTest - Starting TC003_DataDriverTest
22:49:44.904 [main] INFO  testCases.TC003_LoginDataDrivenTest - Finishing TC003_LoginDataDriven
22:49:44.907 [main] INFO  testCases.TC003_LoginDataDrivenTest - Starting TC003_DataDriverTest
22:49:55.382 [main] INFO  testCases.TC003_LoginDataDrivenTest - Finishing TC003_LoginDataDriven
22:49:55.384 [main] INFO  testCases.TC003_LoginDataDrivenTest - Starting TC003_DataDriverTest
22:49:56.040 [main] INFO  testCases.TC003_LoginDataDrivenTest - Finishing TC003_LoginDataDriven
22:49:56.042 [main] INFO  testCases.TC003_LoginDataDrivenTest - Starting TC003_DataDriverTest
22:49:56.726 [main] INFO  testCases.TC003_LoginDataDrivenTest - Finishing TC003_LoginDataDriven
22:49:56.729 [main] INFO  testCases.TC003_LoginDataDrivenTest - Closing the Application
